Using pre-set license
Built from '2020.3/staging' branch; Version is '2020.3.22f1 (e1a7f79fd887) revision 14788599'; Using compiler version '192528614'; Build Type 'Release'
OS: 'Windows 10 Enterprise; OS build 19043.1526; Version 2009; 64bit' Language: 'es' Physical Memory: 8042 MB
BatchMode: 1, IsHumanControllingUs: 0, StartBugReporterOnCrash: 0, Is64bit: 1, IsPro: 0

COMMAND LINE ARGUMENTS:
D:\UNIVERSIDAD\6to semestre\Graficación por computadora\Apps\unity\2020.3.22f1\Editor\Unity.exe
-adb2
-batchMode
-noUpm
-name
AssetImportWorker0
-projectPath
D:/UNIVERSIDAD/6tosemestre/GraficacionPorComputadora/Practicas/Conicas/Conicas
-logFile
Logs/AssetImportWorker0.log
-srvPort
49526
Successfully changed project path to: D:/UNIVERSIDAD/6tosemestre/GraficacionPorComputadora/Practicas/Conicas/Conicas
D:/UNIVERSIDAD/6tosemestre/GraficacionPorComputadora/Practicas/Conicas/Conicas
Using Asset Import Pipeline V2.
Refreshing native plugins compatible for Editor in 169.80 ms, found 3 plugins.
Preloading 0 native plugins for Editor in 0.00 ms.
Initialize engine version: 2020.3.22f1 (e1a7f79fd887)
[Subsystems] Discovering subsystems at path D:/UNIVERSIDAD/6to semestre/Graficación por computadora/Apps/unity/2020.3.22f1/Editor/Data/Resources/UnitySubsystems
[Subsystems] Discovering subsystems at path D:/UNIVERSIDAD/6tosemestre/GraficacionPorComputadora/Practicas/Conicas/Conicas/Assets
GfxDevice: creating device client; threaded=0
Direct3D:
    Version:  Direct3D 11.0 [level 11.1]
    Renderer: Intel(R) UHD Graphics 620 (ID=0x3ea0)
    Vendor:   
    VRAM:     4021 MB
    Driver:   25.20.100.6519
Initialize mono
Mono path[0] = 'D:/UNIVERSIDAD/6to semestre/Graficación por computadora/Apps/unity/2020.3.22f1/Editor/Data/Managed'
Mono path[1] = 'D:/UNIVERSIDAD/6to semestre/Graficación por computadora/Apps/unity/2020.3.22f1/Editor/Data/MonoBleedingEdge/lib/mono/unityjit'
Mono config path = 'D:/UNIVERSIDAD/6to semestre/Graficación por computadora/Apps/unity/2020.3.22f1/Editor/Data/MonoBleedingEdge/etc'
Using monoOptions --debugger-agent=transport=dt_socket,embedding=1,server=y,suspend=n,address=127.0.0.1:56228
Begin MonoManager ReloadAssembly
